ERROR - 2024-02-01 19:47:39 --> mysqli_sql_exception: Table 'hotelier.tbl_carousel' doesn't exist in E:\MANAJEMEN PERHOTELAN\hotelier\system\Database\MySQLi\Connection.php:306
Stack trace:
#0 E:\MANAJEMEN PERHOTELAN\hotelier\system\Database\MySQLi\Connection.php(306): mysqli->query('SELECT *\nFROM `...', 0)
#1 E:\MANAJEMEN PERHOTELAN\hotelier\system\Database\BaseConnection.php(693): CodeIgniter\Database\MySQLi\Connection->execute('SELECT *\nFROM `...')
#2 E:\MANAJEMEN PERHOTELAN\hotelier\system\Database\BaseConnection.php(607): CodeIgniter\Database\BaseConnection->simpleQuery('SELECT *\nFROM `...')
#3 E:\MANAJEMEN PERHOTELAN\hotelier\system\Database\BaseBuilder.php(1613): CodeIgniter\Database\BaseConnection->query('SELECT *\nFROM `...', Array, false)
#4 E:\MANAJEMEN PERHOTELAN\hotelier\app\Models\ModelCarousel.php(11): CodeIgniter\Database\BaseBuilder->get()
#5 E:\MANAJEMEN PERHOTELAN\hotelier\app\Controllers\Home.php(24): App\Models\ModelCarousel->allData()
#6 E:\MANAJEMEN PERHOTELAN\hotelier\system\CodeIgniter.php(941): App\Controllers\Home->index()
#7 E:\MANAJEMEN PERHOTELAN\hotelier\system\CodeIgniter.php(502): CodeIgniter\CodeIgniter->runController(Object(App\Controllers\Home))
#8 E:\MANAJEMEN PERHOTELAN\hotelier\system\CodeIgniter.php(361): CodeIgniter\CodeIgniter->handleRequest(NULL, Object(Config\Cache), false)
#9 E:\MANAJEMEN PERHOTELAN\hotelier\public\index.php(79): CodeIgniter\CodeIgniter->run()
#10 E:\MANAJEMEN PERHOTELAN\hotelier\system\Commands\Server\rewrite.php(47): require_once('E:\\MANAJEMEN PE...')
#11 {main}
CRITICAL - 2024-02-01 19:47:44 --> CodeIgniter\Database\Exceptions\DatabaseException: Table 'hotelier.tbl_carousel' doesn't exist
in SYSTEMPATH\Database\BaseConnection.php on line 647.
 1 SYSTEMPATH\Database\BaseBuilder.php(1613): CodeIgniter\Database\BaseConnection->query('SELECT *
FROM `tbl_carousel`', [], false)
 2 APPPATH\Models\ModelCarousel.php(11): CodeIgniter\Database\BaseBuilder->get()
 3 APPPATH\Controllers\Home.php(24): App\Models\ModelCarousel->allData()
 4 SYSTEMPATH\CodeIgniter.php(941): App\Controllers\Home->index()
 5 SYSTEMPATH\CodeIgniter.php(502): CodeIgniter\CodeIgniter->runController(Object(App\Controllers\Home))
 6 SYSTEMPATH\CodeIgniter.php(361): CodeIgniter\CodeIgniter->handleRequest(null, Object(Config\Cache), false)
 7 FCPATH\index.php(79): CodeIgniter\CodeIgniter->run()
 8 SYSTEMPATH\Commands\Server\rewrite.php(47): require_once('E:\\MANAJEMEN PERHOTELAN\\hotelier\\public\\index.php')
CRITICAL - 2024-02-01 19:47:44 --> [Caused by] CodeIgniter\Database\Exceptions\DatabaseException: Table 'hotelier.tbl_carousel' doesn't exist
in SYSTEMPATH\Database\MySQLi\Connection.php on line 311.
 1 SYSTEMPATH\Database\BaseConnection.php(693): CodeIgniter\Database\MySQLi\Connection->execute('SELECT *
FROM `tbl_carousel`')
 2 SYSTEMPATH\Database\BaseConnection.php(607): CodeIgniter\Database\BaseConnection->simpleQuery('SELECT *
FROM `tbl_carousel`')
 3 SYSTEMPATH\Database\BaseBuilder.php(1613): CodeIgniter\Database\BaseConnection->query('SELECT *
FROM `tbl_carousel`', [], false)
 4 APPPATH\Models\ModelCarousel.php(11): CodeIgniter\Database\BaseBuilder->get()
 5 APPPATH\Controllers\Home.php(24): App\Models\ModelCarousel->allData()
 6 SYSTEMPATH\CodeIgniter.php(941): App\Controllers\Home->index()
 7 SYSTEMPATH\CodeIgniter.php(502): CodeIgniter\CodeIgniter->runController(Object(App\Controllers\Home))
 8 SYSTEMPATH\CodeIgniter.php(361): CodeIgniter\CodeIgniter->handleRequest(null, Object(Config\Cache), false)
 9 FCPATH\index.php(79): CodeIgniter\CodeIgniter->run()
10 SYSTEMPATH\Commands\Server\rewrite.php(47): require_once('E:\\MANAJEMEN PERHOTELAN\\hotelier\\public\\index.php')
CRITICAL - 2024-02-01 19:47:44 --> [Caused by] mysqli_sql_exception: Table 'hotelier.tbl_carousel' doesn't exist
in SYSTEMPATH\Database\MySQLi\Connection.php on line 306.
 1 SYSTEMPATH\Database\MySQLi\Connection.php(306): mysqli->query('SELECT *
FROM `tbl_carousel`', 0)
 2 SYSTEMPATH\Database\BaseConnection.php(693): CodeIgniter\Database\MySQLi\Connection->execute('SELECT *
FROM `tbl_carousel`')
 3 SYSTEMPATH\Database\BaseConnection.php(607): CodeIgniter\Database\BaseConnection->simpleQuery('SELECT *
FROM `tbl_carousel`')
 4 SYSTEMPATH\Database\BaseBuilder.php(1613): CodeIgniter\Database\BaseConnection->query('SELECT *
FROM `tbl_carousel`', [], false)
 5 APPPATH\Models\ModelCarousel.php(11): CodeIgniter\Database\BaseBuilder->get()
 6 APPPATH\Controllers\Home.php(24): App\Models\ModelCarousel->allData()
 7 SYSTEMPATH\CodeIgniter.php(941): App\Controllers\Home->index()
 8 SYSTEMPATH\CodeIgniter.php(502): CodeIgniter\CodeIgniter->runController(Object(App\Controllers\Home))
 9 SYSTEMPATH\CodeIgniter.php(361): CodeIgniter\CodeIgniter->handleRequest(null, Object(Config\Cache), false)
10 FCPATH\index.php(79): CodeIgniter\CodeIgniter->run()
11 SYSTEMPATH\Commands\Server\rewrite.php(47): require_once('E:\\MANAJEMEN PERHOTELAN\\hotelier\\public\\index.php')
ERROR - 2024-02-01 19:47:56 --> mysqli_sql_exception: Table 'hotelier.tbl_carousel' doesn't exist in E:\MANAJEMEN PERHOTELAN\hotelier\system\Database\MySQLi\Connection.php:306
Stack trace:
#0 E:\MANAJEMEN PERHOTELAN\hotelier\system\Database\MySQLi\Connection.php(306): mysqli->query('SELECT *\nFROM `...', 0)
#1 E:\MANAJEMEN PERHOTELAN\hotelier\system\Database\BaseConnection.php(693): CodeIgniter\Database\MySQLi\Connection->execute('SELECT *\nFROM `...')
#2 E:\MANAJEMEN PERHOTELAN\hotelier\system\Database\BaseConnection.php(607): CodeIgniter\Database\BaseConnection->simpleQuery('SELECT *\nFROM `...')
#3 E:\MANAJEMEN PERHOTELAN\hotelier\system\Database\BaseBuilder.php(1613): CodeIgniter\Database\BaseConnection->query('SELECT *\nFROM `...', Array, false)
#4 E:\MANAJEMEN PERHOTELAN\hotelier\app\Models\ModelCarousel.php(11): CodeIgniter\Database\BaseBuilder->get()
#5 E:\MANAJEMEN PERHOTELAN\hotelier\app\Controllers\Home.php(24): App\Models\ModelCarousel->allData()
#6 E:\MANAJEMEN PERHOTELAN\hotelier\system\CodeIgniter.php(941): App\Controllers\Home->index()
#7 E:\MANAJEMEN PERHOTELAN\hotelier\system\CodeIgniter.php(502): CodeIgniter\CodeIgniter->runController(Object(App\Controllers\Home))
#8 E:\MANAJEMEN PERHOTELAN\hotelier\system\CodeIgniter.php(361): CodeIgniter\CodeIgniter->handleRequest(NULL, Object(Config\Cache), false)
#9 E:\MANAJEMEN PERHOTELAN\hotelier\public\index.php(79): CodeIgniter\CodeIgniter->run()
#10 E:\MANAJEMEN PERHOTELAN\hotelier\system\Commands\Server\rewrite.php(47): require_once('E:\\MANAJEMEN PE...')
#11 {main}
CRITICAL - 2024-02-01 19:47:56 --> CodeIgniter\Database\Exceptions\DatabaseException: Table 'hotelier.tbl_carousel' doesn't exist
in SYSTEMPATH\Database\BaseConnection.php on line 647.
 1 SYSTEMPATH\Database\BaseBuilder.php(1613): CodeIgniter\Database\BaseConnection->query('SELECT *
FROM `tbl_carousel`', [], false)
 2 APPPATH\Models\ModelCarousel.php(11): CodeIgniter\Database\BaseBuilder->get()
 3 APPPATH\Controllers\Home.php(24): App\Models\ModelCarousel->allData()
 4 SYSTEMPATH\CodeIgniter.php(941): App\Controllers\Home->index()
 5 SYSTEMPATH\CodeIgniter.php(502): CodeIgniter\CodeIgniter->runController(Object(App\Controllers\Home))
 6 SYSTEMPATH\CodeIgniter.php(361): CodeIgniter\CodeIgniter->handleRequest(null, Object(Config\Cache), false)
 7 FCPATH\index.php(79): CodeIgniter\CodeIgniter->run()
 8 SYSTEMPATH\Commands\Server\rewrite.php(47): require_once('E:\\MANAJEMEN PERHOTELAN\\hotelier\\public\\index.php')
CRITICAL - 2024-02-01 19:47:56 --> [Caused by] CodeIgniter\Database\Exceptions\DatabaseException: Table 'hotelier.tbl_carousel' doesn't exist
in SYSTEMPATH\Database\MySQLi\Connection.php on line 311.
 1 SYSTEMPATH\Database\BaseConnection.php(693): CodeIgniter\Database\MySQLi\Connection->execute('SELECT *
FROM `tbl_carousel`')
 2 SYSTEMPATH\Database\BaseConnection.php(607): CodeIgniter\Database\BaseConnection->simpleQuery('SELECT *
FROM `tbl_carousel`')
 3 SYSTEMPATH\Database\BaseBuilder.php(1613): CodeIgniter\Database\BaseConnection->query('SELECT *
FROM `tbl_carousel`', [], false)
 4 APPPATH\Models\ModelCarousel.php(11): CodeIgniter\Database\BaseBuilder->get()
 5 APPPATH\Controllers\Home.php(24): App\Models\ModelCarousel->allData()
 6 SYSTEMPATH\CodeIgniter.php(941): App\Controllers\Home->index()
 7 SYSTEMPATH\CodeIgniter.php(502): CodeIgniter\CodeIgniter->runController(Object(App\Controllers\Home))
 8 SYSTEMPATH\CodeIgniter.php(361): CodeIgniter\CodeIgniter->handleRequest(null, Object(Config\Cache), false)
 9 FCPATH\index.php(79): CodeIgniter\CodeIgniter->run()
10 SYSTEMPATH\Commands\Server\rewrite.php(47): require_once('E:\\MANAJEMEN PERHOTELAN\\hotelier\\public\\index.php')
CRITICAL - 2024-02-01 19:47:58 --> [Caused by] mysqli_sql_exception: Table 'hotelier.tbl_carousel' doesn't exist
in SYSTEMPATH\Database\MySQLi\Connection.php on line 306.
 1 SYSTEMPATH\Database\MySQLi\Connection.php(306): mysqli->query('SELECT *
FROM `tbl_carousel`', 0)
 2 SYSTEMPATH\Database\BaseConnection.php(693): CodeIgniter\Database\MySQLi\Connection->execute('SELECT *
FROM `tbl_carousel`')
 3 SYSTEMPATH\Database\BaseConnection.php(607): CodeIgniter\Database\BaseConnection->simpleQuery('SELECT *
FROM `tbl_carousel`')
 4 SYSTEMPATH\Database\BaseBuilder.php(1613): CodeIgniter\Database\BaseConnection->query('SELECT *
FROM `tbl_carousel`', [], false)
 5 APPPATH\Models\ModelCarousel.php(11): CodeIgniter\Database\BaseBuilder->get()
 6 APPPATH\Controllers\Home.php(24): App\Models\ModelCarousel->allData()
 7 SYSTEMPATH\CodeIgniter.php(941): App\Controllers\Home->index()
 8 SYSTEMPATH\CodeIgniter.php(502): CodeIgniter\CodeIgniter->runController(Object(App\Controllers\Home))
 9 SYSTEMPATH\CodeIgniter.php(361): CodeIgniter\CodeIgniter->handleRequest(null, Object(Config\Cache), false)
10 FCPATH\index.php(79): CodeIgniter\CodeIgniter->run()
11 SYSTEMPATH\Commands\Server\rewrite.php(47): require_once('E:\\MANAJEMEN PERHOTELAN\\hotelier\\public\\index.php')
INFO - 2024-02-01 19:57:44 --> Session: Class initialized using 'CodeIgniter\Session\Handlers\FileHandler' driver.
INFO - 2024-02-01 19:58:04 --> Session: Class initialized using 'CodeIgniter\Session\Handlers\FileHandler' driver.
INFO - 2024-02-01 19:58:04 --> Session: Class initialized using 'CodeIgniter\Session\Handlers\FileHandler' driver.
INFO - 2024-02-01 19:58:14 --> Session: Class initialized using 'CodeIgniter\Session\Handlers\FileHandler' driver.
INFO - 2024-02-01 19:58:19 --> Session: Class initialized using 'CodeIgniter\Session\Handlers\FileHandler' driver.
INFO - 2024-02-01 19:58:27 --> Session: Class initialized using 'CodeIgniter\Session\Handlers\FileHandler' driver.
INFO - 2024-02-01 19:58:34 --> Session: Class initialized using 'CodeIgniter\Session\Handlers\FileHandler' driver.
INFO - 2024-02-01 20:02:10 --> Session: Class initialized using 'CodeIgniter\Session\Handlers\FileHandler' driver.
INFO - 2024-02-01 20:02:11 --> Session: Class initialized using 'CodeIgniter\Session\Handlers\FileHandler' driver.
INFO - 2024-02-01 20:02:26 --> Session: Class initialized using 'CodeIgniter\Session\Handlers\FileHandler' driver.
INFO - 2024-02-01 20:02:34 --> Session: Class initialized using 'CodeIgniter\Session\Handlers\FileHandler' driver.
INFO - 2024-02-01 20:02:34 --> Session: Class initialized using 'CodeIgniter\Session\Handlers\FileHandler' driver.
INFO - 2024-02-01 20:02:40 --> Session: Class initialized using 'CodeIgniter\Session\Handlers\FileHandler' driver.
INFO - 2024-02-01 20:03:28 --> Session: Class initialized using 'CodeIgniter\Session\Handlers\FileHandler' driver.
INFO - 2024-02-01 20:04:11 --> Session: Class initialized using 'CodeIgniter\Session\Handlers\FileHandler' driver.
INFO - 2024-02-01 20:04:24 --> Session: Class initialized using 'CodeIgniter\Session\Handlers\FileHandler' driver.
INFO - 2024-02-01 20:04:30 --> Session: Class initialized using 'CodeIgniter\Session\Handlers\FileHandler' driver.
INFO - 2024-02-01 20:04:34 --> Session: Class initialized using 'CodeIgniter\Session\Handlers\FileHandler' driver.
INFO - 2024-02-01 20:04:53 --> Session: Class initialized using 'CodeIgniter\Session\Handlers\FileHandler' driver.
INFO - 2024-02-01 20:04:56 --> Session: Class initialized using 'CodeIgniter\Session\Handlers\FileHandler' driver.
